<?xml version="1.0" encoding="UTF-8"?>
<!-- Generated by org.testng.reporters.JUnitReportReporter -->
<testsuite skipped="0" hostname="WIN-9CSDHDN9FSR" name="qaclickacademy.Mavenjava.AppiumTest" tests="2" failures="0" timestamp="2020-07-10T17:06:10 EDT" time="0.009" errors="0">
  <testcase name="NativeAPPAndroid" time="0.001" classname="qaclickacademy.Mavenjava.AppiumTest"/>
  <system-out/>
  <testcase name="IOSApps" time="0.008" classname="qaclickacademy.Mavenjava.AppiumTest"/>
  <system-out/>
</testsuite> <!-- qaclickacademy.Mavenjava.AppiumTest -->
